▲ Next.js 16.2.6 (Turbopack)
- Local:         http://127.0.0.1:3000
- Network:       http://127.0.0.1:3000
✓ Ready in 2.1s

○ Compiling / ...
 GET / 200 in 4.4s (next.js: 4.1s, application-code: 237ms)
✓ Finished writing to filesystem cache in 12.0s
 GET /admin-hidden-2026/login?next=%2Fadmin-hidden-2026 200 in 742ms (next.js: 637ms, proxy.ts: 4ms, application-code: 101ms)
 GET /admin-hidden-2026/login?next=%2Fadmin-hidden-2026%2Fproducts 200 in 41ms (next.js: 3ms, proxy.ts: 4ms, application-code: 34ms)
 GET /admin-hidden-2026/login?next=%2Fadmin-hidden-2026 200 in 24ms (next.js: 3ms, proxy.ts: 4ms, application-code: 16ms)
 GET /admin-hidden-2026/login?next=%2Fadmin-hidden-2026 200 in 24ms (next.js: 3ms, proxy.ts: 4ms, application-code: 18ms)
✓ Compiled in 56ms
 GET /admin-hidden-2026/login?next=%2Fadmin-hidden-2026%2Fproducts 200 in 299ms (next.js: 182ms, proxy.ts: 26ms, application-code: 91ms)
 GET /admin-hidden-2026/login?next=%2Fadmin-hidden-2026 200 in 300ms (next.js: 98ms, proxy.ts: 134ms, application-code: 69ms)
 GET / 200 in 299ms (next.js: 100ms, application-code: 199ms)
 GET / 200 in 77ms (next.js: 24ms, application-code: 53ms)
 GET /admin-hidden-2026/login?next=%2Fadmin-hidden-2026 200 in 34ms (next.js: 4ms, proxy.ts: 4ms, application-code: 25ms)
 GET /admin-hidden-2026/login?next=%2Fadmin-hidden-2026%2Fproducts 200 in 27ms (next.js: 4ms, proxy.ts: 5ms, application-code: 18ms)
✓ Finished filesystem cache database compaction in 16.8s
 GET /admin-hidden-2026/login?next=%2Fadmin-hidden-2026 200 in 91ms (next.js: 3ms, proxy.ts: 4ms, application-code: 84ms)
 GET /admin-hidden-2026 200 in 434ms (next.js: 412ms, proxy.ts: 5ms, application-code: 17ms)
 GET /admin-hidden-2026 200 in 22ms (next.js: 2ms, proxy.ts: 3ms, application-code: 17ms)
 GET /admin-hidden-2026/login 200 in 21ms (next.js: 3ms, proxy.ts: 4ms, application-code: 15ms)
 GET /admin-hidden-2026/login 200 in 22ms (next.js: 3ms, proxy.ts: 4ms, application-code: 14ms)
 GET /admin-hidden-2026/login?next=%2Fadmin-hidden-2026%2Fproducts 200 in 33ms (next.js: 3ms, proxy.ts: 4ms, application-code: 26ms)
 GET /admin-hidden-2026/login?next=%2Fadmin-hidden-2026 200 in 39ms (next.js: 3ms, proxy.ts: 5ms, application-code: 31ms)
 GET /admin-hidden-2026 200 in 19ms (next.js: 3ms, proxy.ts: 4ms, application-code: 13ms)
 GET /admin-hidden-2026 200 in 30ms (next.js: 3ms, proxy.ts: 3ms, application-code: 24ms)
 GET /admin-hidden-2026 200 in 578ms (next.js: 263ms, proxy.ts: 146ms, application-code: 168ms)
 GET /admin-hidden-2026/login?next=%2Fadmin-hidden-2026%2Fproducts 200 in 435ms (next.js: 64ms, proxy.ts: 9ms, application-code: 362ms)
 GET /admin-hidden-2026 200 in 320ms (next.js: 10ms, proxy.ts: 52ms, application-code: 258ms)
 GET /admin-hidden-2026/login?next=%2Fadmin-hidden-2026%2Fproducts 200 in 365ms (next.js: 52ms, proxy.ts: 53ms, application-code: 260ms)
 GET / 200 in 369ms (next.js: 11ms, application-code: 357ms)
 GET / 200 in 350ms (next.js: 22ms, application-code: 327ms)
 GET /admin-hidden-2026 200 in 275ms (next.js: 64ms, proxy.ts: 45ms, application-code: 167ms)
 GET /admin-hidden-2026 200 in 276ms (next.js: 82ms, proxy.ts: 45ms, application-code: 150ms)
 GET /admin-hidden-2026 200 in 276ms (next.js: 99ms, proxy.ts: 45ms, application-code: 132ms)
 GET /admin-hidden-2026 200 in 276ms (next.js: 116ms, proxy.ts: 44ms, application-code: 116ms)
 GET /admin-hidden-2026 200 in 296ms (next.js: 86ms, proxy.ts: 63ms, application-code: 148ms)
 GET / 200 in 335ms (next.js: 12ms, application-code: 322ms)
 GET / 200 in 364ms (next.js: 38ms, application-code: 326ms)
 GET / 200 in 312ms (next.js: 8ms, application-code: 304ms)
 GET /admin-hidden-2026 200 in 291ms (next.js: 58ms, proxy.ts: 12ms, application-code: 222ms)
 GET / 200 in 308ms (next.js: 6ms, application-code: 302ms)
 GET /admin-hidden-2026 200 in 224ms (next.js: 14ms, proxy.ts: 48ms, application-code: 161ms)
 GET /admin-hidden-2026 200 in 222ms (next.js: 32ms, proxy.ts: 48ms, application-code: 143ms)
 GET /admin-hidden-2026 200 in 225ms (next.js: 47ms, proxy.ts: 48ms, application-code: 131ms)
 GET /admin-hidden-2026 200 in 226ms (next.js: 62ms, proxy.ts: 48ms, application-code: 116ms)
 GET / 200 in 288ms (next.js: 10ms, application-code: 279ms)
 GET / 200 in 276ms (next.js: 11ms, application-code: 265ms)
 GET /admin-hidden-2026 200 in 231ms (next.js: 70ms, proxy.ts: 78ms, application-code: 84ms)
 GET / 200 in 358ms (next.js: 75ms, application-code: 283ms)
 GET / 200 in 288ms (next.js: 26ms, application-code: 262ms)
 GET / 200 in 268ms (next.js: 29ms, application-code: 238ms)
 GET /admin-hidden-2026 200 in 220ms (next.js: 22ms, proxy.ts: 6ms, application-code: 193ms)
 GET /admin-hidden-2026 200 in 265ms (next.js: 32ms, proxy.ts: 48ms, application-code: 185ms)
 GET /admin-hidden-2026 200 in 264ms (next.js: 64ms, proxy.ts: 48ms, application-code: 152ms)
 GET /admin-hidden-2026 200 in 265ms (next.js: 49ms, proxy.ts: 48ms, application-code: 169ms)
 GET /admin-hidden-2026 200 in 265ms (next.js: 111ms, proxy.ts: 49ms, application-code: 105ms)
 GET / 200 in 275ms (next.js: 23ms, application-code: 253ms)
 GET /admin-hidden-2026 200 in 228ms (next.js: 6ms, proxy.ts: 107ms, application-code: 114ms)
 GET / 200 in 257ms (next.js: 8ms, application-code: 249ms)
 GET / 200 in 262ms (next.js: 53ms, application-code: 208ms)
 GET / 200 in 283ms (next.js: 20ms, application-code: 263ms)
 GET / 200 in 283ms (next.js: 39ms, application-code: 244ms)
 GET /admin-hidden-2026 200 in 225ms (next.js: 16ms, proxy.ts: 25ms, application-code: 184ms)
 GET / 200 in 231ms (next.js: 6ms, application-code: 225ms)
 GET /admin-hidden-2026 200 in 212ms (next.js: 41ms, proxy.ts: 31ms, application-code: 141ms)
 GET /admin-hidden-2026 200 in 253ms (next.js: 72ms, proxy.ts: 31ms, application-code: 150ms)
 GET /admin-hidden-2026 200 in 255ms (next.js: 57ms, proxy.ts: 31ms, application-code: 167ms)
 GET /admin-hidden-2026 200 in 252ms (next.js: 80ms, proxy.ts: 36ms, application-code: 136ms)
 GET /admin-hidden-2026 200 in 262ms (next.js: 59ms, proxy.ts: 78ms, application-code: 126ms)
 GET / 200 in 275ms (next.js: 16ms, application-code: 260ms)
 GET / 200 in 274ms (next.js: 53ms, application-code: 221ms)
 GET / 200 in 240ms (next.js: 3ms, application-code: 237ms)
 GET /admin-hidden-2026 200 in 229ms (next.js: 31ms, proxy.ts: 51ms, application-code: 147ms)
 GET / 200 in 251ms (next.js: 4ms, application-code: 247ms)
 GET / 200 in 251ms (next.js: 24ms, application-code: 227ms)
 GET /admin-hidden-2026 200 in 202ms (next.js: 25ms, proxy.ts: 29ms, application-code: 148ms)
 GET /admin-hidden-2026 200 in 182ms (next.js: 23ms, proxy.ts: 26ms, application-code: 133ms)
 GET / 200 in 210ms (next.js: 8ms, application-code: 202ms)
 GET /admin-hidden-2026 200 in 184ms (next.js: 38ms, proxy.ts: 26ms, application-code: 120ms)
 GET /admin-hidden-2026 200 in 184ms (next.js: 51ms, proxy.ts: 24ms, application-code: 108ms)
 GET /admin-hidden-2026 200 in 248ms (next.js: 7ms, proxy.ts: 69ms, application-code: 173ms)
 GET / 200 in 270ms (next.js: 33ms, application-code: 237ms)
 GET / 200 in 251ms (next.js: 19ms, application-code: 232ms)
 GET /admin-hidden-2026 200 in 210ms (next.js: 53ms, proxy.ts: 8ms, application-code: 150ms)
 GET / 200 in 290ms (next.js: 41ms, application-code: 249ms)
 GET /admin-hidden-2026 200 in 252ms (next.js: 43ms, proxy.ts: 69ms, application-code: 141ms)
 GET /admin-hidden-2026 200 in 252ms (next.js: 41ms, proxy.ts: 88ms, application-code: 123ms)
 GET /admin-hidden-2026 200 in 234ms (next.js: 42ms, proxy.ts: 62ms, application-code: 130ms)
 GET /admin-hidden-2026 200 in 233ms (next.js: 54ms, proxy.ts: 60ms, application-code: 119ms)
 GET / 200 in 281ms (next.js: 25ms, application-code: 256ms)
 GET / 200 in 282ms (next.js: 6ms, application-code: 276ms)
 GET / 200 in 255ms (next.js: 24ms, application-code: 231ms)
 GET /admin-hidden-2026 200 in 178ms (next.js: 26ms, proxy.ts: 51ms, application-code: 101ms)
 GET / 200 in 211ms (next.js: 4ms, application-code: 207ms)
 GET /admin-hidden-2026 200 in 168ms (next.js: 32ms, proxy.ts: 33ms, application-code: 102ms)
 GET / 200 in 171ms (next.js: 4ms, application-code: 167ms)
 GET /admin-hidden-2026 200 in 114ms (next.js: 45ms, proxy.ts: 25ms, application-code: 45ms)
 GET / 200 in 164ms (next.js: 5ms, application-code: 159ms)
 GET / 200 in 173ms (next.js: 4ms, application-code: 169ms)
 GET / 200 in 174ms (next.js: 22ms, application-code: 152ms)
 GET / 200 in 119ms (next.js: 5ms, application-code: 114ms)
 GET / 200 in 135ms (next.js: 3ms, application-code: 132ms)
 GET / 200 in 131ms (next.js: 3ms, application-code: 128ms)
 GET / 200 in 96ms (next.js: 3ms, application-code: 93ms)
 GET /admin-hidden-2026/login?next=%2Fadmin-hidden-2026%2Fproducts 200 in 98ms (next.js: 6ms, proxy.ts: 25ms, application-code: 67ms)
 GET / 200 in 101ms (next.js: 4ms, application-code: 97ms)
 GET /admin-hidden-2026/login?next=%2Fadmin-hidden-2026%2Fproducts 200 in 102ms (next.js: 23ms, proxy.ts: 5ms, application-code: 74ms)
 GET /admin-hidden-2026/login?next=%2Fadmin-hidden-2026%2Fproducts 200 in 119ms (next.js: 7ms, proxy.ts: 7ms, application-code: 105ms)
 GET /admin-hidden-2026/login?next=%2Fadmin-hidden-2026%2Fproducts 200 in 116ms (next.js: 28ms, proxy.ts: 6ms, application-code: 81ms)
 GET /admin-hidden-2026/login?next=%2Fadmin-hidden-2026%2Fproducts 200 in 131ms (next.js: 23ms, proxy.ts: 29ms, application-code: 79ms)
 GET /admin-hidden-2026/login?next=%2Fadmin-hidden-2026%2Fproducts 200 in 95ms (next.js: 7ms, proxy.ts: 22ms, application-code: 65ms)
 GET /admin-hidden-2026/login?next=%2Fadmin-hidden-2026%2Fproducts 200 in 116ms (next.js: 24ms, proxy.ts: 22ms, application-code: 70ms)
 GET /admin-hidden-2026/login?next=%2Fadmin-hidden-2026%2Fproducts 200 in 133ms (next.js: 21ms, proxy.ts: 23ms, application-code: 89ms)
 GET /admin-hidden-2026/login?next=%2Fadmin-hidden-2026%2Fproducts 200 in 123ms (next.js: 10ms, proxy.ts: 8ms, application-code: 105ms)
 GET /admin-hidden-2026/login?next=%2Fadmin-hidden-2026%2Fproducts 200 in 150ms (next.js: 28ms, proxy.ts: 8ms, application-code: 114ms)
 GET /admin-hidden-2026/login?next=%2Fadmin-hidden-2026%2Fproducts 200 in 149ms (next.js: 25ms, proxy.ts: 26ms, application-code: 98ms)
 GET /admin-hidden-2026/login?next=%2Fadmin-hidden-2026%2Fproducts 200 in 134ms (next.js: 9ms, proxy.ts: 41ms, application-code: 84ms)
 GET /admin-hidden-2026/login?next=%2Fadmin-hidden-2026%2Fproducts 200 in 132ms (next.js: 26ms, proxy.ts: 25ms, application-code: 80ms)
 GET /admin-hidden-2026/login?next=%2Fadmin-hidden-2026%2Fproducts 200 in 148ms (next.js: 33ms, proxy.ts: 27ms, application-code: 87ms)
 GET /admin-hidden-2026/login?next=%2Fadmin-hidden-2026%2Fproducts 200 in 112ms (next.js: 8ms, proxy.ts: 9ms, application-code: 94ms)
 GET /admin-hidden-2026/login?next=%2Fadmin-hidden-2026%2Fproducts 200 in 111ms (next.js: 25ms, proxy.ts: 10ms, application-code: 76ms)
 GET /admin-hidden-2026/login?next=%2Fadmin-hidden-2026%2Fproducts 200 in 123ms (next.js: 25ms, proxy.ts: 24ms, application-code: 73ms)
 GET /admin-hidden-2026/login?next=%2Fadmin-hidden-2026%2Fproducts 200 in 103ms (next.js: 22ms, proxy.ts: 22ms, application-code: 59ms)
 GET /admin-hidden-2026/login?next=%2Fadmin-hidden-2026%2Fproducts 200 in 104ms (next.js: 20ms, proxy.ts: 22ms, application-code: 63ms)
 GET /admin-hidden-2026/login?next=%2Fadmin-hidden-2026%2Fproducts 200 in 106ms (next.js: 6ms, proxy.ts: 19ms, application-code: 81ms)
 GET /admin-hidden-2026/login?next=%2Fadmin-hidden-2026%2Fproducts 200 in 104ms (next.js: 8ms, proxy.ts: 21ms, application-code: 75ms)
 GET /admin-hidden-2026/login?next=%2Fadmin-hidden-2026%2Fproducts 200 in 104ms (next.js: 25ms, proxy.ts: 7ms, application-code: 73ms)
 GET /admin-hidden-2026/login?next=%2Fadmin-hidden-2026%2Fproducts 200 in 121ms (next.js: 22ms, proxy.ts: 24ms, application-code: 75ms)
 GET /admin-hidden-2026/login?next=%2Fadmin-hidden-2026%2Fproducts 200 in 105ms (next.js: 20ms, proxy.ts: 23ms, application-code: 62ms)
 GET /admin-hidden-2026/login?next=%2Fadmin-hidden-2026%2Fproducts 200 in 137ms (next.js: 20ms, proxy.ts: 20ms, application-code: 96ms)
 GET /admin-hidden-2026/login?next=%2Fadmin-hidden-2026%2Fproducts 200 in 124ms (next.js: 5ms, proxy.ts: 19ms, application-code: 99ms)
 GET /admin-hidden-2026/login?next=%2Fadmin-hidden-2026%2Fproducts 200 in 125ms (next.js: 8ms, proxy.ts: 23ms, application-code: 94ms)
 GET /admin-hidden-2026/login?next=%2Fadmin-hidden-2026%2Fproducts 200 in 125ms (next.js: 37ms, proxy.ts: 8ms, application-code: 80ms)
 GET /admin-hidden-2026/login?next=%2Fadmin-hidden-2026%2Fproducts 200 in 143ms (next.js: 38ms, proxy.ts: 22ms, application-code: 83ms)
 GET /admin-hidden-2026/login?next=%2Fadmin-hidden-2026%2Fproducts 200 in 127ms (next.js: 22ms, proxy.ts: 38ms, application-code: 66ms)
 GET /admin-hidden-2026/login?next=%2Fadmin-hidden-2026%2Fproducts 200 in 114ms (next.js: 6ms, proxy.ts: 21ms, application-code: 87ms)
 GET /admin-hidden-2026/login?next=%2Fadmin-hidden-2026%2Fproducts 200 in 131ms (next.js: 8ms, proxy.ts: 20ms, application-code: 103ms)
 GET /admin-hidden-2026/login?next=%2Fadmin-hidden-2026%2Fproducts 200 in 116ms (next.js: 9ms, proxy.ts: 26ms, application-code: 81ms)
 GET /admin-hidden-2026/login?next=%2Fadmin-hidden-2026%2Fproducts 200 in 112ms (next.js: 24ms, proxy.ts: 8ms, application-code: 80ms)
 GET /admin-hidden-2026/login?next=%2Fadmin-hidden-2026%2Fproducts 200 in 106ms (next.js: 22ms, proxy.ts: 23ms, application-code: 61ms)
 GET /admin-hidden-2026/login?next=%2Fadmin-hidden-2026%2Fproducts 200 in 87ms (next.js: 22ms, proxy.ts: 22ms, application-code: 43ms)
 GET /admin-hidden-2026/login?next=%2Fadmin-hidden-2026%2Fproducts 200 in 47ms (next.js: 4ms, proxy.ts: 23ms, application-code: 20ms)
 GET /admin-hidden-2026 200 in 104ms (next.js: 4ms, proxy.ts: 4ms, application-code: 96ms)
 GET /admin-hidden-2026/products 200 in 526ms (next.js: 491ms, proxy.ts: 5ms, application-code: 29ms)
 GET /admin-hidden-2026/tv.jpg 404 in 506ms (next.js: 470ms, proxy.ts: 3ms, application-code: 33ms)
✓ Finished filesystem cache database compaction in 17.4s
 GET /admin-hidden-2026/products 200 in 23ms (next.js: 4ms, proxy.ts: 3ms, application-code: 16ms)
 GET /admin-hidden-2026/products 200 in 21ms (next.js: 2ms, proxy.ts: 3ms, application-code: 15ms)
 GET /admin-hidden-2026/tv.jpg 404 in 37ms (next.js: 7ms, proxy.ts: 3ms, application-code: 27ms)
 GET /admin-hidden-2026/promotions 200 in 372ms (next.js: 355ms, proxy.ts: 3ms, application-code: 14ms)
 GET /admin-hidden-2026/news 200 in 414ms (next.js: 394ms, proxy.ts: 4ms, application-code: 16ms)
 GET /admin-hidden-2026/credits 200 in 366ms (next.js: 347ms, proxy.ts: 3ms, application-code: 15ms)
 GET /admin-hidden-2026 200 in 18ms (next.js: 3ms, proxy.ts: 3ms, application-code: 12ms)
 GET /admin-hidden-2026 200 in 16ms (next.js: 2ms, proxy.ts: 3ms, application-code: 10ms)
 GET /admin-hidden-2026/products 200 in 20ms (next.js: 3ms, proxy.ts: 4ms, application-code: 12ms)
 GET /admin-hidden-2026/tv.jpg 404 in 34ms (next.js: 6ms, proxy.ts: 3ms, application-code: 25ms)
 GET /admin-hidden-2026/promotions 200 in 19ms (next.js: 2ms, proxy.ts: 3ms, application-code: 14ms)
 GET /admin-hidden-2026/news 200 in 23ms (next.js: 3ms, proxy.ts: 3ms, application-code: 16ms)
 GET /admin-hidden-2026/credits 200 in 19ms (next.js: 2ms, proxy.ts: 4ms, application-code: 13ms)
 GET /admin-hidden-2026 200 in 16ms (next.js: 2ms, proxy.ts: 3ms, application-code: 10ms)
✓ Compiled in 167ms
 GET /admin-hidden-2026 200 in 603ms (next.js: 455ms, proxy.ts: 56ms, application-code: 92ms)
 GET /admin-hidden-2026/products 200 in 964ms (next.js: 115ms, proxy.ts: 400ms, application-code: 449ms)
 GET / 200 in 957ms (next.js: 322ms, application-code: 635ms)
 GET / 200 in 554ms (next.js: 142ms, application-code: 411ms)
 GET /admin-hidden-2026 200 in 938ms (next.js: 336ms, proxy.ts: 381ms, application-code: 220ms)
 GET /admin-hidden-2026/products 200 in 942ms (next.js: 186ms, proxy.ts: 384ms, application-code: 372ms)
 GET / 200 in 103ms (next.js: 30ms, application-code: 72ms)
 GET / 200 in 124ms (next.js: 26ms, application-code: 98ms)
 GET / 200 in 192ms (next.js: 5ms, application-code: 186ms)
 GET / 200 in 192ms (next.js: 27ms, application-code: 165ms)
 GET / 200 in 193ms (next.js: 53ms, application-code: 140ms)
 GET / 200 in 107ms (next.js: 6ms, application-code: 101ms)
 GET / 200 in 124ms (next.js: 4ms, application-code: 119ms)
 GET / 200 in 163ms (next.js: 5ms, application-code: 158ms)
 GET / 200 in 164ms (next.js: 30ms, application-code: 134ms)
 GET / 200 in 138ms (next.js: 27ms, application-code: 111ms)
 GET / 200 in 91ms (next.js: 4ms, application-code: 87ms)
 GET / 200 in 99ms (next.js: 5ms, application-code: 94ms)
 GET / 200 in 131ms (next.js: 28ms, application-code: 104ms)
 GET / 200 in 174ms (next.js: 6ms, application-code: 168ms)
 GET / 200 in 144ms (next.js: 5ms, application-code: 139ms)
 GET / 200 in 144ms (next.js: 37ms, application-code: 107ms)
 GET / 200 in 113ms (next.js: 34ms, application-code: 79ms)
 GET / 200 in 116ms (next.js: 8ms, application-code: 107ms)
 GET / 200 in 138ms (next.js: 27ms, application-code: 111ms)
 GET / 200 in 153ms (next.js: 6ms, application-code: 148ms)
 GET / 200 in 152ms (next.js: 27ms, application-code: 125ms)
 GET / 200 in 129ms (next.js: 35ms, application-code: 94ms)
 GET / 200 in 102ms (next.js: 5ms, application-code: 98ms)
 GET / 200 in 79ms (next.js: 6ms, application-code: 72ms)
 GET / 200 in 104ms (next.js: 3ms, application-code: 101ms)
 GET / 200 in 188ms (next.js: 4ms, application-code: 184ms)
 GET / 200 in 165ms (next.js: 27ms, application-code: 138ms)
 GET / 200 in 166ms (next.js: 5ms, application-code: 161ms)
 GET /admin-hidden-2026/tv.jpg 404 in 117ms (next.js: 40ms, proxy.ts: 47ms, application-code: 30ms)
 GET / 200 in 136ms (next.js: 6ms, application-code: 129ms)
 GET / 200 in 153ms (next.js: 26ms, application-code: 127ms)
 GET / 200 in 151ms (next.js: 2ms, application-code: 149ms)
 GET / 200 in 126ms (next.js: 3ms, application-code: 123ms)
 GET / 200 in 109ms (next.js: 3ms, application-code: 106ms)
 GET / 200 in 108ms (next.js: 24ms, application-code: 85ms)
 GET / 200 in 88ms (next.js: 3ms, application-code: 85ms)
 GET / 200 in 105ms (next.js: 3ms, application-code: 102ms)
 GET / 200 in 107ms (next.js: 2ms, application-code: 105ms)
 GET / 200 in 135ms (next.js: 3ms, application-code: 132ms)
 GET / 200 in 116ms (next.js: 3ms, application-code: 113ms)
 GET / 200 in 116ms (next.js: 20ms, application-code: 95ms)
 GET / 200 in 79ms (next.js: 4ms, application-code: 75ms)
 GET / 200 in 79ms (next.js: 22ms, application-code: 56ms)
 GET / 200 in 30ms (next.js: 4ms, application-code: 26ms)
 GET /admin-hidden-2026/users 200 in 549ms (next.js: 509ms, proxy.ts: 4ms, application-code: 36ms)
○ Compiling /admin-hidden-2026/account ...
 GET /admin-hidden-2026/account 200 in 3.3s (next.js: 3.2s, proxy.ts: 3ms, application-code: 31ms)
✓ Finished filesystem cache database compaction in 17.9s
 GET /admin-hidden-2026/users 200 in 29ms (next.js: 2ms, proxy.ts: 4ms, application-code: 23ms)
 GET /admin-hidden-2026/users 200 in 18ms (next.js: 2ms, proxy.ts: 4ms, application-code: 12ms)
 GET /admin-hidden-2026/account 200 in 21ms (next.js: 3ms, proxy.ts: 3ms, application-code: 15ms)
✓ Compiled in 211ms
 GET /admin-hidden-2026/users 200 in 601ms (next.js: 219ms, proxy.ts: 5ms, application-code: 377ms)
 GET /admin-hidden-2026/users 200 in 331ms (next.js: 139ms, proxy.ts: 48ms, application-code: 143ms)
 GET /admin-hidden-2026/account 200 in 330ms (next.js: 31ms, proxy.ts: 178ms, application-code: 121ms)
 GET / 200 in 325ms (next.js: 136ms, application-code: 189ms)
 GET /admin-hidden-2026/users 200 in 160ms (next.js: 11ms, proxy.ts: 14ms, application-code: 136ms)
 GET /admin-hidden-2026/users 200 in 160ms (next.js: 28ms, proxy.ts: 13ms, application-code: 118ms)
 GET /admin-hidden-2026/users 200 in 159ms (next.js: 50ms, proxy.ts: 14ms, application-code: 96ms)
 GET /admin-hidden-2026/users 200 in 175ms (next.js: 65ms, proxy.ts: 12ms, application-code: 98ms)
 GET /admin-hidden-2026/account 200 in 59ms (next.js: 34ms, proxy.ts: 7ms, application-code: 18ms)
 GET / 200 in 82ms (next.js: 4ms, application-code: 78ms)
 GET / 200 in 57ms (next.js: 4ms, application-code: 54ms)
 GET / 200 in 94ms (next.js: 3ms, application-code: 91ms)
 GET / 200 in 95ms (next.js: 23ms, application-code: 72ms)
 GET / 200 in 57ms (next.js: 3ms, application-code: 54ms)
 GET /admin-hidden-2026/account 200 in 35ms (next.js: 3ms, proxy.ts: 7ms, application-code: 25ms)
 GET /admin-hidden-2026/account 200 in 32ms (next.js: 7ms, proxy.ts: 4ms, application-code: 21ms)
 GET /admin-hidden-2026/account 200 in 69ms (next.js: 4ms, proxy.ts: 3ms, application-code: 62ms)
 GET /admin-hidden-2026/account 200 in 38ms (next.js: 4ms, proxy.ts: 7ms, application-code: 27ms)
✓ Compiled in 149ms
 GET /admin-hidden-2026/account 200 in 403ms (next.js: 118ms, proxy.ts: 154ms, application-code: 131ms)
 GET /admin-hidden-2026/users 200 in 424ms (next.js: 210ms, proxy.ts: 153ms, application-code: 61ms)
 GET /admin-hidden-2026/users 200 in 332ms (next.js: 6ms, proxy.ts: 6ms, application-code: 320ms)
 GET /admin-hidden-2026/users 200 in 394ms (next.js: 36ms, proxy.ts: 126ms, application-code: 232ms)
 GET /admin-hidden-2026/users 200 in 394ms (next.js: 61ms, proxy.ts: 126ms, application-code: 206ms)
 GET /admin-hidden-2026/users 200 in 396ms (next.js: 13ms, proxy.ts: 126ms, application-code: 256ms)
 GET /admin-hidden-2026/users 200 in 393ms (next.js: 95ms, proxy.ts: 127ms, application-code: 170ms)
 GET / 200 in 408ms (next.js: 87ms, application-code: 321ms)
 GET /admin-hidden-2026/account 200 in 405ms (next.js: 112ms, proxy.ts: 125ms, application-code: 168ms)
 GET /admin-hidden-2026/users 200 in 293ms (next.js: 144ms, proxy.ts: 14ms, application-code: 135ms)
 GET / 200 in 307ms (next.js: 19ms, application-code: 288ms)
 GET /admin-hidden-2026/account 200 in 273ms (next.js: 72ms, proxy.ts: 11ms, application-code: 191ms)
 GET /admin-hidden-2026/users 200 in 293ms (next.js: 20ms, proxy.ts: 74ms, application-code: 200ms)
 GET / 200 in 296ms (next.js: 10ms, application-code: 285ms)
 GET /admin-hidden-2026/users 200 in 227ms (next.js: 66ms, proxy.ts: 13ms, application-code: 148ms)
 GET /admin-hidden-2026/users 200 in 227ms (next.js: 86ms, proxy.ts: 13ms, application-code: 128ms)
 GET /admin-hidden-2026/users 200 in 227ms (next.js: 103ms, proxy.ts: 13ms, application-code: 111ms)
 GET /admin-hidden-2026/users 200 in 224ms (next.js: 101ms, proxy.ts: 33ms, application-code: 90ms)
 GET / 200 in 219ms (next.js: 6ms, application-code: 212ms)
 GET / 200 in 215ms (next.js: 28ms, application-code: 188ms)
 GET / 200 in 193ms (next.js: 21ms, application-code: 172ms)
 GET / 200 in 137ms (next.js: 4ms, application-code: 133ms)
 GET / 200 in 116ms (next.js: 3ms, application-code: 113ms)
 GET / 200 in 98ms (next.js: 4ms, application-code: 94ms)
 GET / 200 in 122ms (next.js: 3ms, application-code: 119ms)
 GET / 200 in 122ms (next.js: 28ms, application-code: 94ms)
 GET / 200 in 99ms (next.js: 3ms, application-code: 97ms)
 GET /admin-hidden-2026/account 200 in 86ms (next.js: 9ms, proxy.ts: 5ms, application-code: 73ms)
 GET /admin-hidden-2026/account 200 in 118ms (next.js: 21ms, proxy.ts: 8ms, application-code: 89ms)
 GET /admin-hidden-2026/account 200 in 135ms (next.js: 28ms, proxy.ts: 22ms, application-code: 85ms)
 GET /admin-hidden-2026/account 200 in 109ms (next.js: 8ms, proxy.ts: 7ms, application-code: 94ms)
 GET /admin-hidden-2026/account 200 in 108ms (next.js: 23ms, proxy.ts: 7ms, application-code: 79ms)
 GET /admin-hidden-2026/account 200 in 121ms (next.js: 39ms, proxy.ts: 7ms, application-code: 75ms)
 GET /admin-hidden-2026/account 200 in 99ms (next.js: 7ms, proxy.ts: 38ms, application-code: 53ms)
 GET /admin-hidden-2026/account 200 in 64ms (next.js: 22ms, proxy.ts: 8ms, application-code: 34ms)
 GET /admin-hidden-2026/account 200 in 58ms (next.js: 21ms, proxy.ts: 21ms, application-code: 15ms)
✓ Compiled in 141ms
 GET /admin-hidden-2026/users 200 in 93ms (next.js: 45ms, proxy.ts: 20ms, application-code: 28ms)
 GET /admin-hidden-2026/users 200 in 33ms (next.js: 6ms, proxy.ts: 3ms, application-code: 24ms)
 GET /admin-hidden-2026/users 200 in 95ms (next.js: 3ms, proxy.ts: 4ms, application-code: 88ms)
 GET /admin-hidden-2026/users 200 in 185ms (next.js: 4ms, proxy.ts: 8ms, application-code: 173ms)
 GET /admin-hidden-2026/account 200 in 186ms (next.js: 22ms, proxy.ts: 7ms, application-code: 157ms)
 GET /admin-hidden-2026/users 200 in 194ms (next.js: 6ms, proxy.ts: 6ms, application-code: 182ms)
 GET /admin-hidden-2026/account 200 in 189ms (next.js: 4ms, proxy.ts: 130ms, application-code: 55ms)
 GET / 200 in 233ms (next.js: 89ms, application-code: 145ms)
 GET /admin-hidden-2026/account 200 in 52ms (next.js: 5ms, proxy.ts: 5ms, application-code: 42ms)
 GET / 200 in 86ms (next.js: 3ms, application-code: 83ms)
 GET / 200 in 102ms (next.js: 3ms, application-code: 99ms)
 GET /admin-hidden-2026/account 200 in 70ms (next.js: 4ms, proxy.ts: 28ms, application-code: 39ms)
 GET / 200 in 97ms (next.js: 3ms, application-code: 94ms)
 GET / 200 in 71ms (next.js: 4ms, application-code: 67ms)
 GET /admin-hidden-2026/account 200 in 25ms (next.js: 3ms, proxy.ts: 5ms, application-code: 17ms)
✓ Compiled in 149ms
 GET /admin-hidden-2026/users 200 in 176ms (next.js: 10ms, proxy.ts: 144ms, application-code: 23ms)
 GET / 200 in 202ms (next.js: 99ms, application-code: 103ms)
 GET /admin-hidden-2026/users 200 in 53ms (next.js: 5ms, proxy.ts: 4ms, application-code: 44ms)
 GET /admin-hidden-2026/users 200 in 50ms (next.js: 7ms, proxy.ts: 4ms, application-code: 39ms)
 GET /admin-hidden-2026/account 200 in 45ms (next.js: 5ms, proxy.ts: 23ms, application-code: 16ms)
 GET /admin-hidden-2026/account 200 in 56ms (next.js: 3ms, proxy.ts: 10ms, application-code: 43ms)
 GET / 200 in 84ms (next.js: 3ms, application-code: 81ms)
 GET / 200 in 62ms (next.js: 4ms, application-code: 58ms)
 GET /admin-hidden-2026/account 200 in 36ms (next.js: 6ms, proxy.ts: 5ms, application-code: 24ms)
✓ Finished filesystem cache database compaction in 10.2s
✓ Compiled in 112ms
 GET /admin-hidden-2026/account 200 in 203ms (next.js: 8ms, proxy.ts: 128ms, application-code: 67ms)
 GET /admin-hidden-2026/users 200 in 202ms (next.js: 27ms, proxy.ts: 128ms, application-code: 48ms)
 GET /admin-hidden-2026/users 200 in 144ms (next.js: 6ms, proxy.ts: 5ms, application-code: 133ms)
 GET / 200 in 315ms (next.js: 72ms, application-code: 243ms)
 GET /admin-hidden-2026/account 200 in 61ms (next.js: 19ms, proxy.ts: 9ms, application-code: 32ms)
 GET /admin-hidden-2026/users 200 in 141ms (next.js: 5ms, proxy.ts: 61ms, application-code: 76ms)
 GET /admin-hidden-2026/users 200 in 89ms (next.js: 33ms, proxy.ts: 7ms, application-code: 49ms)
 GET / 200 in 169ms (next.js: 6ms, application-code: 163ms)
 GET / 200 in 80ms (next.js: 3ms, application-code: 78ms)
 GET / 200 in 52ms (next.js: 1939µs, application-code: 50ms)
 GET /admin-hidden-2026/account 200 in 30ms (next.js: 3ms, proxy.ts: 5ms, application-code: 22ms)
 GET /admin-hidden-2026/account 200 in 32ms (next.js: 3ms, proxy.ts: 5ms, application-code: 25ms)
✓ Compiled in 123ms
 GET /admin-hidden-2026/account 200 in 198ms (next.js: 8ms, proxy.ts: 119ms, application-code: 71ms)
 GET /admin-hidden-2026/users 200 in 199ms (next.js: 26ms, proxy.ts: 118ms, application-code: 55ms)
 GET /admin-hidden-2026/users 200 in 123ms (next.js: 7ms, proxy.ts: 5ms, application-code: 111ms)
 GET / 200 in 290ms (next.js: 67ms, application-code: 223ms)
 GET /admin-hidden-2026/users 200 in 115ms (next.js: 5ms, proxy.ts: 54ms, application-code: 56ms)
 GET /admin-hidden-2026/account 200 in 92ms (next.js: 19ms, proxy.ts: 32ms, application-code: 40ms)
 GET / 200 in 123ms (next.js: 29ms, application-code: 94ms)
 GET /admin-hidden-2026/account 200 in 27ms (next.js: 5ms, proxy.ts: 4ms, application-code: 18ms)
 GET / 200 in 54ms (next.js: 2ms, application-code: 52ms)
✓ Compiled in 179ms
 GET /admin-hidden-2026/account 200 in 559ms (next.js: 6ms, proxy.ts: 7ms, application-code: 546ms)
 GET /admin-hidden-2026/users 200 in 559ms (next.js: 43ms, proxy.ts: 7ms, application-code: 508ms)
 GET /admin-hidden-2026/account 200 in 272ms (next.js: 55ms, proxy.ts: 35ms, application-code: 183ms)
 GET /admin-hidden-2026/users 200 in 265ms (next.js: 107ms, proxy.ts: 32ms, application-code: 127ms)
 GET /admin-hidden-2026/users 200 in 115ms (next.js: 35ms, proxy.ts: 12ms, application-code: 68ms)
 GET /admin-hidden-2026/users 200 in 115ms (next.js: 51ms, proxy.ts: 10ms, application-code: 54ms)
 GET /admin-hidden-2026/users 200 in 115ms (next.js: 73ms, proxy.ts: 10ms, application-code: 32ms)
 GET / 200 in 714ms (next.js: 198ms, application-code: 516ms)
 GET /admin-hidden-2026/account 200 in 108ms (next.js: 10ms, proxy.ts: 6ms, application-code: 93ms)
 GET /admin-hidden-2026/account 200 in 107ms (next.js: 24ms, proxy.ts: 9ms, application-code: 75ms)
 GET / 200 in 235ms (next.js: 8ms, application-code: 227ms)
 GET /admin-hidden-2026/account 200 in 131ms (next.js: 26ms, proxy.ts: 30ms, application-code: 74ms)
 GET / 200 in 103ms (next.js: 2ms, application-code: 101ms)
 GET / 200 in 57ms (next.js: 3ms, application-code: 54ms)
 GET / 200 in 30ms (next.js: 4ms, application-code: 26ms)
✓ Compiled in 73ms
 GET /admin-hidden-2026/users 200 in 185ms (next.js: 47ms, proxy.ts: 112ms, application-code: 26ms)
 GET /admin-hidden-2026/users 200 in 48ms (next.js: 3ms, proxy.ts: 3ms, application-code: 42ms)
 GET /admin-hidden-2026/users 200 in 25ms (next.js: 3ms, proxy.ts: 5ms, application-code: 17ms)
 GET /admin-hidden-2026/account 200 in 23ms (next.js: 5ms, proxy.ts: 3ms, application-code: 14ms)
 GET /admin-hidden-2026/account 200 in 48ms (next.js: 23ms, proxy.ts: 10ms, application-code: 15ms)
 GET / 200 in 167ms (next.js: 64ms, application-code: 103ms)
 GET / 200 in 69ms (next.js: 3ms, application-code: 66ms)
 GET /admin-hidden-2026/account 200 in 25ms (next.js: 2ms, proxy.ts: 4ms, application-code: 19ms)
 GET / 200 in 54ms (next.js: 1902µs, application-code: 52ms)
▲ Next.js 16.2.6 (Turbopack)
- Local:         http://127.0.0.1:3000
- Network:       http://127.0.0.1:3000
✓ Ready in 1551ms

 GET /admin-hidden-2026/users 200 in 1363ms (next.js: 507ms, proxy.ts: 333ms, application-code: 523ms)
 GET /admin-hidden-2026/account 200 in 1024ms (next.js: 616ms, proxy.ts: 13ms, application-code: 396ms)
 GET / 200 in 1034ms (next.js: 794ms, application-code: 240ms)
 GET / 200 in 72ms (next.js: 3ms, application-code: 69ms)
 GET / 200 in 100ms (next.js: 3ms, application-code: 97ms)
 GET / 200 in 73ms (next.js: 3ms, application-code: 70ms)
 GET /admin-hidden-2026/account 200 in 34ms (next.js: 3ms, proxy.ts: 4ms, application-code: 27ms)
 GET /admin-hidden-2026/users 200 in 22ms (next.js: 4ms, proxy.ts: 5ms, application-code: 14ms)
 GET /admin-hidden-2026/credits 200 in 47ms (next.js: 26ms, proxy.ts: 3ms, application-code: 17ms)
 GET /admin-hidden-2026/news 200 in 49ms (next.js: 30ms, proxy.ts: 4ms, application-code: 15ms)
 GET /admin-hidden-2026/promotions 200 in 38ms (next.js: 21ms, proxy.ts: 3ms, application-code: 14ms)
 GET /admin-hidden-2026/products 200 in 39ms (next.js: 21ms, proxy.ts: 3ms, application-code: 15ms)
 GET /admin-hidden-2026/tv.jpg 404 in 57ms (next.js: 26ms, proxy.ts: 4ms, application-code: 27ms)
 GET /admin-hidden-2026 200 in 40ms (next.js: 24ms, proxy.ts: 4ms, application-code: 12ms)
 GET /admin-hidden-2026/credits 200 in 24ms (next.js: 3ms, proxy.ts: 4ms, application-code: 16ms)
 GET /admin-hidden-2026/users 200 in 19ms (next.js: 3ms, proxy.ts: 3ms, application-code: 13ms)
 GET /admin-hidden-2026/news 200 in 19ms (next.js: 3ms, proxy.ts: 4ms, application-code: 13ms)
 GET /admin-hidden-2026/promotions 200 in 19ms (next.js: 3ms, proxy.ts: 3ms, application-code: 13ms)
 GET /admin-hidden-2026/products 200 in 18ms (next.js: 3ms, proxy.ts: 3ms, application-code: 13ms)
 GET /admin-hidden-2026/tv.jpg 404 in 39ms (next.js: 6ms, proxy.ts: 4ms, application-code: 29ms)
 GET /admin-hidden-2026 200 in 17ms (next.js: 3ms, proxy.ts: 3ms, application-code: 11ms)
 GET /admin-hidden-2026/products 200 in 18ms (next.js: 3ms, proxy.ts: 3ms, application-code: 13ms)
 GET /admin-hidden-2026/tv.jpg 404 in 36ms (next.js: 6ms, proxy.ts: 4ms, application-code: 26ms)
 GET /admin-hidden-2026/promotions 200 in 23ms (next.js: 3ms, proxy.ts: 3ms, application-code: 17ms)
 GET /admin-hidden-2026/news 200 in 18ms (next.js: 3ms, proxy.ts: 3ms, application-code: 12ms)
 GET /admin-hidden-2026/promotions 200 in 20ms (next.js: 3ms, proxy.ts: 3ms, application-code: 14ms)
 GET /admin-hidden-2026/products 200 in 17ms (next.js: 3ms, proxy.ts: 3ms, application-code: 12ms)
 GET /admin-hidden-2026/tv.jpg 404 in 34ms (next.js: 5ms, proxy.ts: 3ms, application-code: 25ms)
 GET /admin-hidden-2026 200 in 17ms (next.js: 3ms, proxy.ts: 3ms, application-code: 12ms)
✓ Compiled in 187ms
 GET /admin-hidden-2026/users 200 in 169ms (next.js: 72ms, proxy.ts: 56ms, application-code: 41ms)
 GET /admin-hidden-2026/users 200 in 35ms (next.js: 6ms, proxy.ts: 5ms, application-code: 24ms)
 GET /admin-hidden-2026/users 200 in 69ms (next.js: 6ms, proxy.ts: 4ms, application-code: 59ms)
 GET /admin-hidden-2026 200 in 229ms (next.js: 10ms, proxy.ts: 4ms, application-code: 215ms)
 GET /admin-hidden-2026 200 in 184ms (next.js: 72ms, proxy.ts: 8ms, application-code: 104ms)
 GET /admin-hidden-2026 200 in 71ms (next.js: 5ms, proxy.ts: 37ms, application-code: 29ms)
 GET / 200 in 385ms (next.js: 92ms, application-code: 293ms)
 GET / 200 in 239ms (next.js: 8ms, application-code: 231ms)
 GET / 200 in 198ms (next.js: 4ms, application-code: 194ms)
 GET / 200 in 198ms (next.js: 32ms, application-code: 166ms)
 GET / 200 in 129ms (next.js: 21ms, application-code: 108ms)
 GET / 200 in 112ms (next.js: 32ms, application-code: 80ms)
✓ Compiled in 101ms
 GET /admin-hidden-2026/users 200 in 148ms (next.js: 76ms, proxy.ts: 38ms, application-code: 34ms)
 GET /admin-hidden-2026/users 200 in 119ms (next.js: 7ms, proxy.ts: 5ms, application-code: 107ms)
 GET /admin-hidden-2026/users 200 in 281ms (next.js: 4ms, proxy.ts: 5ms, application-code: 271ms)
 GET /admin-hidden-2026 200 in 359ms (next.js: 139ms, proxy.ts: 48ms, application-code: 172ms)
 GET /admin-hidden-2026 200 in 155ms (next.js: 12ms, proxy.ts: 77ms, application-code: 66ms)
 GET / 200 in 396ms (next.js: 14ms, application-code: 382ms)
 GET /admin-hidden-2026 200 in 32ms (next.js: 5ms, proxy.ts: 5ms, application-code: 22ms)
 GET / 200 in 349ms (next.js: 5ms, application-code: 345ms)
 GET / 200 in 322ms (next.js: 4ms, application-code: 318ms)
 GET / 200 in 185ms (next.js: 6ms, application-code: 179ms)
 GET / 200 in 148ms (next.js: 6ms, application-code: 142ms)
 GET / 200 in 99ms (next.js: 36ms, application-code: 63ms)
✓ Compiled in 74ms
 GET /admin-hidden-2026/users 200 in 236ms (next.js: 78ms, proxy.ts: 124ms, application-code: 34ms)
 GET /admin-hidden-2026/users 200 in 24ms (next.js: 4ms, proxy.ts: 4ms, application-code: 16ms)
 GET / 200 in 254ms (next.js: 48ms, application-code: 206ms)
 GET /admin-hidden-2026 200 in 91ms (next.js: 9ms, proxy.ts: 5ms, application-code: 77ms)
 GET /admin-hidden-2026 200 in 49ms (next.js: 27ms, proxy.ts: 4ms, application-code: 18ms)
 GET / 200 in 114ms (next.js: 2ms, application-code: 111ms)
 GET / 200 in 84ms (next.js: 3ms, application-code: 81ms)
 GET / 200 in 51ms (next.js: 3ms, application-code: 47ms)
✓ Compiled in 179ms
 GET /admin-hidden-2026/users 200 in 147ms (next.js: 40ms, proxy.ts: 34ms, application-code: 74ms)
 GET /admin-hidden-2026/users 200 in 86ms (next.js: 5ms, proxy.ts: 4ms, application-code: 76ms)
 GET / 200 in 70ms (next.js: 15ms, application-code: 55ms)
 GET /admin-hidden-2026 200 in 25ms (next.js: 5ms, proxy.ts: 4ms, application-code: 16ms)
 GET /admin-hidden-2026 200 in 51ms (next.js: 28ms, proxy.ts: 6ms, application-code: 17ms)
 GET / 200 in 119ms (next.js: 37ms, application-code: 82ms)
 GET / 200 in 121ms (next.js: 5ms, application-code: 116ms)
 GET / 200 in 53ms (next.js: 5ms, application-code: 48ms)
✓ Compiled in 70ms
 GET /admin-hidden-2026 200 in 279ms (next.js: 45ms, proxy.ts: 151ms, application-code: 83ms)
 GET /admin-hidden-2026/users 200 in 341ms (next.js: 63ms, proxy.ts: 151ms, application-code: 126ms)
 GET /admin-hidden-2026/users 200 in 217ms (next.js: 63ms, proxy.ts: 6ms, application-code: 149ms)
 GET /admin-hidden-2026 200 in 156ms (next.js: 11ms, proxy.ts: 15ms, application-code: 131ms)
 GET / 200 in 516ms (next.js: 44ms, application-code: 471ms)
 GET / 200 in 517ms (next.js: 84ms, application-code: 433ms)
 GET /admin-hidden-2026/users 200 in 187ms (next.js: 27ms, proxy.ts: 15ms, application-code: 145ms)
 GET /admin-hidden-2026/users 200 in 188ms (next.js: 46ms, proxy.ts: 15ms, application-code: 127ms)
 GET /admin-hidden-2026/users 200 in 188ms (next.js: 61ms, proxy.ts: 15ms, application-code: 112ms)
 GET /admin-hidden-2026/users 200 in 187ms (next.js: 78ms, proxy.ts: 14ms, application-code: 95ms)
 GET / 200 in 509ms (next.js: 4ms, application-code: 504ms)
 GET / 200 in 455ms (next.js: 5ms, application-code: 450ms)
 GET / 200 in 421ms (next.js: 4ms, application-code: 417ms)
 GET /admin-hidden-2026 200 in 98ms (next.js: 4ms, proxy.ts: 65ms, application-code: 28ms)
 GET / 200 in 289ms (next.js: 6ms, application-code: 282ms)
 GET / 200 in 312ms (next.js: 6ms, application-code: 305ms)
 GET /admin-hidden-2026 200 in 96ms (next.js: 4ms, proxy.ts: 5ms, application-code: 86ms)
 GET / 200 in 278ms (next.js: 62ms, application-code: 216ms)
 GET / 200 in 279ms (next.js: 37ms, application-code: 242ms)
 GET / 200 in 280ms (next.js: 5ms, application-code: 275ms)
 GET / 200 in 280ms (next.js: 87ms, application-code: 192ms)
 GET / 200 in 280ms (next.js: 119ms, application-code: 161ms)
 GET /admin-hidden-2026 200 in 75ms (next.js: 6ms, proxy.ts: 9ms, application-code: 61ms)
 GET /admin-hidden-2026 200 in 29ms (next.js: 5ms, proxy.ts: 7ms, application-code: 17ms)
 GET /admin-hidden-2026/products 200 in 108ms (next.js: 74ms, proxy.ts: 4ms, application-code: 31ms)
 GET /admin-hidden-2026/tv.jpg 404 in 105ms (next.js: 17ms, proxy.ts: 6ms, application-code: 82ms)
 GET /admin-hidden-2026/users 200 in 461ms (next.js: 90ms, proxy.ts: 187ms, application-code: 184ms)
 GET /admin-hidden-2026/users 200 in 344ms (next.js: 4ms, proxy.ts: 28ms, application-code: 312ms)
 GET /admin-hidden-2026/products 200 in 346ms (next.js: 98ms, proxy.ts: 28ms, application-code: 220ms)
 GET /admin-hidden-2026/users 200 in 223ms (next.js: 63ms, proxy.ts: 17ms, application-code: 144ms)
 GET /admin-hidden-2026/users 200 in 225ms (next.js: 48ms, proxy.ts: 17ms, application-code: 161ms)
 GET /admin-hidden-2026/users 200 in 224ms (next.js: 80ms, proxy.ts: 17ms, application-code: 127ms)
 GET / 200 in 694ms (next.js: 124ms, application-code: 570ms)
 GET /admin-hidden-2026/users 200 in 224ms (next.js: 97ms, proxy.ts: 16ms, application-code: 111ms)
 GET /admin-hidden-2026/users 200 in 256ms (next.js: 74ms, proxy.ts: 48ms, application-code: 134ms)
 GET / 200 in 530ms (next.js: 4ms, application-code: 526ms)
 GET /admin-hidden-2026/users 200 in 187ms (next.js: 9ms, proxy.ts: 34ms, application-code: 144ms)
 GET /admin-hidden-2026/products 200 in 159ms (next.js: 27ms, proxy.ts: 6ms, application-code: 126ms)
 GET /admin-hidden-2026/users 200 in 242ms (next.js: 50ms, proxy.ts: 26ms, application-code: 166ms)
 GET /admin-hidden-2026/users 200 in 244ms (next.js: 32ms, proxy.ts: 26ms, application-code: 186ms)
 GET / 200 in 480ms (next.js: 8ms, application-code: 472ms)
 GET / 200 in 468ms (next.js: 24ms, application-code: 444ms)
 GET / 200 in 415ms (next.js: 4ms, application-code: 411ms)
 GET / 200 in 393ms (next.js: 5ms, application-code: 388ms)
 GET / 200 in 321ms (next.js: 3ms, application-code: 318ms)
 GET / 200 in 319ms (next.js: 5ms, application-code: 313ms)
 GET / 200 in 346ms (next.js: 29ms, application-code: 317ms)
 GET / 200 in 323ms (next.js: 29ms, application-code: 294ms)
 GET / 200 in 272ms (next.js: 3ms, application-code: 269ms)
 GET / 200 in 281ms (next.js: 5ms, application-code: 276ms)
 GET / 200 in 283ms (next.js: 28ms, application-code: 255ms)
 GET / 200 in 282ms (next.js: 51ms, application-code: 231ms)
 GET / 200 in 235ms (next.js: 26ms, application-code: 209ms)
 GET / 200 in 205ms (next.js: 3ms, application-code: 202ms)
 GET /admin-hidden-2026/products 200 in 93ms (next.js: 30ms, proxy.ts: 9ms, application-code: 54ms)
 GET / 200 in 181ms (next.js: 3ms, application-code: 178ms)
 GET /admin-hidden-2026/products 200 in 81ms (next.js: 8ms, proxy.ts: 4ms, application-code: 68ms)
 GET / 200 in 197ms (next.js: 3ms, application-code: 194ms)
 GET / 200 in 197ms (next.js: 4ms, application-code: 193ms)
 GET /admin-hidden-2026/products 200 in 84ms (next.js: 6ms, proxy.ts: 7ms, application-code: 70ms)
 GET /admin-hidden-2026/products 200 in 83ms (next.js: 22ms, proxy.ts: 7ms, application-code: 54ms)
 GET / 200 in 204ms (next.js: 4ms, application-code: 201ms)
 GET /admin-hidden-2026/products 200 in 118ms (next.js: 6ms, proxy.ts: 38ms, application-code: 73ms)
 GET /admin-hidden-2026/products 200 in 72ms (next.js: 10ms, proxy.ts: 6ms, application-code: 55ms)
 GET /admin-hidden-2026/products 200 in 69ms (next.js: 27ms, proxy.ts: 7ms, application-code: 35ms)
 GET /admin-hidden-2026/products 200 in 60ms (next.js: 4ms, proxy.ts: 39ms, application-code: 17ms)
 GET / 200 in 175ms (next.js: 3ms, application-code: 173ms)
 GET /admin-hidden-2026/login 200 in 131ms (next.js: 32ms, proxy.ts: 4ms, application-code: 95ms)
 GET /admin-hidden-2026/account 200 in 95ms (next.js: 73ms, proxy.ts: 3ms, application-code: 19ms)
 GET /admin-hidden-2026/login 200 in 18ms (next.js: 3ms, proxy.ts: 3ms, application-code: 13ms)
 GET /admin-hidden-2026/login 200 in 21ms (next.js: 2ms, proxy.ts: 4ms, application-code: 15ms)
 GET / 200 in 68ms (next.js: 3ms, application-code: 65ms)
 GET /admin-hidden-2026 200 in 162ms (next.js: 112ms, proxy.ts: 7ms, application-code: 43ms)
 GET /admin-hidden-2026 200 in 29ms (next.js: 5ms, proxy.ts: 5ms, application-code: 20ms)
 GET / 200 in 83ms (next.js: 3ms, application-code: 80ms)
 GET /admin-hidden-2026 200 in 94ms (next.js: 3ms, proxy.ts: 3ms, application-code: 89ms)
 GET / 200 in 89ms (next.js: 3ms, application-code: 86ms)
 GET / 200 in 73ms (next.js: 2ms, application-code: 70ms)
 GET /admin-hidden-2026/products 200 in 20ms (next.js: 3ms, proxy.ts: 3ms, application-code: 14ms)
 GET /admin-hidden-2026/tv.jpg 404 in 125ms (next.js: 66ms, proxy.ts: 5ms, application-code: 54ms)
 GET / 200 in 77ms (next.js: 3ms, application-code: 75ms)
✓ Compiled in 4s
✓ Compiled in 65ms
 GET /admin-hidden-2026/users 200 in 362ms (next.js: 141ms, proxy.ts: 154ms, application-code: 67ms)
 GET /admin-hidden-2026/users 200 in 55ms (next.js: 4ms, proxy.ts: 6ms, application-code: 45ms)
 GET / 200 in 236ms (next.js: 92ms, application-code: 144ms)
 GET /admin-hidden-2026/users 200 in 26ms (next.js: 3ms, proxy.ts: 4ms, application-code: 18ms)
 GET / 200 in 73ms (next.js: 2ms, application-code: 71ms)
 GET / 200 in 44ms (next.js: 3ms, application-code: 41ms)
 GET /admin-hidden-2026/users 200 in 262ms (next.js: 9ms, proxy.ts: 233ms, application-code: 20ms)
 GET /admin-hidden-2026/users 200 in 32ms (next.js: 3ms, proxy.ts: 4ms, application-code: 26ms)
 GET / 200 in 327ms (next.js: 164ms, application-code: 163ms)
 GET /admin-hidden-2026/users 200 in 50ms (next.js: 4ms, proxy.ts: 5ms, application-code: 42ms)
 GET / 200 in 27ms (next.js: 3ms, application-code: 24ms)
 GET / 200 in 25ms (next.js: 2ms, application-code: 22ms)
 GET /admin-hidden-2026/users 200 in 351ms (next.js: 17ms, proxy.ts: 243ms, application-code: 91ms)
 GET /admin-hidden-2026/users 200 in 76ms (next.js: 30ms, proxy.ts: 5ms, application-code: 42ms)
 GET / 200 in 378ms (next.js: 166ms, application-code: 211ms)
 GET /admin-hidden-2026/users 200 in 31ms (next.js: 3ms, proxy.ts: 4ms, application-code: 25ms)
 GET / 200 in 132ms (next.js: 24ms, application-code: 108ms)
 GET / 200 in 79ms (next.js: 3ms, application-code: 76ms)
 GET /admin-hidden-2026/users 200 in 224ms (next.js: 9ms, proxy.ts: 189ms, application-code: 27ms)
 GET /admin-hidden-2026/users 200 in 27ms (next.js: 5ms, proxy.ts: 7ms, application-code: 15ms)
 GET / 200 in 241ms (next.js: 119ms, application-code: 122ms)
 GET / 200 in 32ms (next.js: 3ms, application-code: 29ms)
✓ Compiled in 58ms
 GET /admin-hidden-2026/users 200 in 166ms (next.js: 9ms, proxy.ts: 139ms, application-code: 18ms)
 GET / 200 in 166ms (next.js: 73ms, application-code: 93ms)
✓ Compiled in 689ms
 GET / 200 in 158ms (next.js: 3ms, application-code: 156ms)
✓ Compiled in 85ms
 GET /admin-hidden-2026/users 200 in 426ms (next.js: 98ms, proxy.ts: 125ms, application-code: 203ms)
 GET /admin-hidden-2026/users 200 in 205ms (next.js: 35ms, proxy.ts: 118ms, application-code: 51ms)
 GET / 200 in 457ms (next.js: 49ms, application-code: 408ms)
 GET /admin-hidden-2026/users 200 in 33ms (next.js: 8ms, proxy.ts: 6ms, application-code: 19ms)
 GET / 200 in 331ms (next.js: 3ms, application-code: 328ms)
 GET / 200 in 210ms (next.js: 6ms, application-code: 204ms)
 GET / 200 in 210ms (next.js: 35ms, application-code: 175ms)
 GET / 200 in 207ms (next.js: 89ms, application-code: 119ms)
 GET / 200 in 94ms (next.js: 5ms, application-code: 89ms)
 GET / 200 in 156ms (next.js: 3ms, application-code: 153ms)
 GET /admin-hidden-2026 200 in 173ms (next.js: 75ms, proxy.ts: 5ms, application-code: 93ms)
✓ Compiled in 65ms
 GET /admin-hidden-2026/users 200 in 160ms (next.js: 83ms, proxy.ts: 40ms, application-code: 36ms)
 GET /admin-hidden-2026/users 200 in 33ms (next.js: 5ms, proxy.ts: 4ms, application-code: 24ms)
 GET /admin-hidden-2026/users 200 in 213ms (next.js: 4ms, proxy.ts: 4ms, application-code: 204ms)
 GET /admin-hidden-2026 200 in 215ms (next.js: 106ms, proxy.ts: 50ms, application-code: 59ms)
 GET / 200 in 218ms (next.js: 11ms, application-code: 207ms)
 GET / 200 in 129ms (next.js: 3ms, application-code: 126ms)
 GET /admin-hidden-2026 200 in 126ms (next.js: 10ms, proxy.ts: 38ms, application-code: 78ms)
 GET / 200 in 174ms (next.js: 5ms, application-code: 169ms)
 GET /admin-hidden-2026 200 in 48ms (next.js: 5ms, proxy.ts: 27ms, application-code: 16ms)
 GET / 200 in 133ms (next.js: 22ms, application-code: 111ms)
 GET / 200 in 86ms (next.js: 3ms, application-code: 83ms)
 GET / 200 in 53ms (next.js: 5ms, application-code: 48ms)
 GET /admin-hidden-2026/credits 200 in 102ms (next.js: 70ms, proxy.ts: 3ms, application-code: 29ms)
 GET /admin-hidden-2026/users 200 in 17ms (next.js: 2ms, proxy.ts: 3ms, application-code: 11ms)
 GET /admin-hidden-2026/promotions 200 in 102ms (next.js: 77ms, proxy.ts: 4ms, application-code: 21ms)
 GET /admin-hidden-2026/credits 200 in 21ms (next.js: 3ms, proxy.ts: 3ms, application-code: 15ms)
 GET /admin-hidden-2026/news 200 in 110ms (next.js: 81ms, proxy.ts: 7ms, application-code: 22ms)
 GET /admin-hidden-2026/users 200 in 36ms (next.js: 3ms, proxy.ts: 4ms, application-code: 29ms)
✓ Compiled in 79ms
 GET /admin-hidden-2026/users 200 in 390ms (next.js: 84ms, proxy.ts: 228ms, application-code: 79ms)
 GET /admin-hidden-2026/users 200 in 389ms (next.js: 101ms, proxy.ts: 227ms, application-code: 62ms)
 GET /admin-hidden-2026/users 200 in 187ms (next.js: 4ms, proxy.ts: 6ms, application-code: 177ms)
 GET /admin-hidden-2026/users 200 in 154ms (next.js: 38ms, proxy.ts: 13ms, application-code: 103ms)
 GET /admin-hidden-2026/users 200 in 154ms (next.js: 54ms, proxy.ts: 13ms, application-code: 87ms)
 GET /admin-hidden-2026/users 200 in 172ms (next.js: 74ms, proxy.ts: 14ms, application-code: 84ms)
 GET /admin-hidden-2026/users 200 in 172ms (next.js: 92ms, proxy.ts: 13ms, application-code: 67ms)
 GET /admin-hidden-2026/users 200 in 162ms (next.js: 43ms, proxy.ts: 73ms, application-code: 46ms)
 GET / 200 in 335ms (next.js: 43ms, application-code: 292ms)
 GET /admin-hidden-2026/users 200 in 32ms (next.js: 6ms, proxy.ts: 5ms, application-code: 21ms)
 GET / 200 in 214ms (next.js: 4ms, application-code: 210ms)
 GET / 200 in 194ms (next.js: 3ms, application-code: 191ms)
 GET / 200 in 173ms (next.js: 2ms, application-code: 170ms)
 GET / 200 in 176ms (next.js: 3ms, application-code: 174ms)
 GET / 200 in 177ms (next.js: 3ms, application-code: 174ms)
 GET / 200 in 176ms (next.js: 3ms, application-code: 172ms)
 GET / 200 in 175ms (next.js: 28ms, application-code: 147ms)
 GET / 200 in 180ms (next.js: 6ms, application-code: 174ms)
 GET / 200 in 154ms (next.js: 5ms, application-code: 149ms)
 GET / 200 in 126ms (next.js: 4ms, application-code: 121ms)
 GET / 200 in 120ms (next.js: 3ms, application-code: 117ms)
 GET / 200 in 96ms (next.js: 2ms, application-code: 94ms)
 GET / 200 in 96ms (next.js: 25ms, application-code: 71ms)
 GET /admin-hidden-2026/users 200 in 39ms (next.js: 4ms, proxy.ts: 6ms, application-code: 29ms)
 GET /admin-hidden-2026/users 200 in 39ms (next.js: 4ms, proxy.ts: 8ms, application-code: 28ms)
 GET /admin-hidden-2026/users 200 in 36ms (next.js: 5ms, proxy.ts: 5ms, application-code: 27ms)
 GET /admin-hidden-2026/users 200 in 34ms (next.js: 5ms, proxy.ts: 5ms, application-code: 24ms)
 GET /admin-hidden-2026/users 200 in 35ms (next.js: 5ms, proxy.ts: 6ms, application-code: 24ms)
✓ Compiled in 662ms
 GET /admin-hidden-2026/users 200 in 125ms (next.js: 48ms, proxy.ts: 40ms, application-code: 37ms)
 GET /admin-hidden-2026/users 200 in 35ms (next.js: 5ms, proxy.ts: 4ms, application-code: 27ms)
 GET /admin-hidden-2026/users 200 in 28ms (next.js: 6ms, proxy.ts: 3ms, application-code: 19ms)
 GET /admin-hidden-2026/users 200 in 24ms (next.js: 4ms, proxy.ts: 3ms, application-code: 17ms)
 GET /admin-hidden-2026/users 200 in 182ms (next.js: 44ms, proxy.ts: 7ms, application-code: 131ms)
 GET / 200 in 366ms (next.js: 104ms, application-code: 262ms)
 GET / 200 in 215ms (next.js: 6ms, application-code: 209ms)
 GET / 200 in 145ms (next.js: 5ms, application-code: 140ms)
 GET / 200 in 111ms (next.js: 3ms, application-code: 108ms)
 GET /admin-hidden-2026/users 200 in 27ms (next.js: 3ms, proxy.ts: 4ms, application-code: 20ms)
 GET / 200 in 111ms (next.js: 28ms, application-code: 84ms)
 GET / 200 in 57ms (next.js: 2ms, application-code: 55ms)
✓ Compiled in 163ms
 GET /admin-hidden-2026/users 200 in 253ms (next.js: 190ms, proxy.ts: 6ms, application-code: 56ms)
 GET /admin-hidden-2026/users 200 in 60ms (next.js: 8ms, proxy.ts: 32ms, application-code: 21ms)
 GET /admin-hidden-2026/users 200 in 126ms (next.js: 4ms, proxy.ts: 3ms, application-code: 119ms)
 GET /admin-hidden-2026/users 200 in 149ms (next.js: 73ms, proxy.ts: 7ms, application-code: 68ms)
 GET /admin-hidden-2026/users 200 in 143ms (next.js: 7ms, proxy.ts: 93ms, application-code: 42ms)
 GET / 200 in 167ms (next.js: 15ms, application-code: 152ms)
 GET / 200 in 76ms (next.js: 21ms, application-code: 55ms)
 GET /admin-hidden-2026/users 200 in 81ms (next.js: 3ms, proxy.ts: 4ms, application-code: 74ms)
 GET / 200 in 171ms (next.js: 3ms, application-code: 168ms)
 GET / 200 in 146ms (next.js: 27ms, application-code: 119ms)
 GET / 200 in 148ms (next.js: 3ms, application-code: 145ms)
 GET / 200 in 94ms (next.js: 4ms, application-code: 90ms)
 GET / 200 in 83ms (next.js: 4ms, application-code: 79ms)
 GET / 200 in 83ms (next.js: 29ms, application-code: 53ms)
 GET /admin-hidden-2026/users 200 in 30ms (next.js: 4ms, proxy.ts: 4ms, application-code: 22ms)
 GET /admin-hidden-2026/users 200 in 24ms (next.js: 4ms, proxy.ts: 4ms, application-code: 16ms)
 GET /admin-hidden-2026/users 200 in 97ms (next.js: 4ms, proxy.ts: 4ms, application-code: 89ms)
 GET /admin-hidden-2026/credits 200 in 95ms (next.js: 72ms, proxy.ts: 3ms, application-code: 20ms)
▲ Next.js 16.2.6 (Turbopack)
- Local:         http://127.0.0.1:3000
- Network:       http://127.0.0.1:3000
✓ Ready in 1806ms

 GET /admin-hidden-2026/users 200 in 813ms (next.js: 70ms, proxy.ts: 136ms, application-code: 607ms)
 GET /admin-hidden-2026/credits 200 in 439ms (next.js: 43ms, proxy.ts: 251ms, application-code: 145ms)
 GET / 200 in 725ms (next.js: 38ms, application-code: 687ms)
 GET / 200 in 397ms (next.js: 22ms, application-code: 375ms)
 GET /admin-hidden-2026/users 200 in 370ms (next.js: 52ms, proxy.ts: 97ms, application-code: 222ms)
 GET /admin-hidden-2026/credits 200 in 370ms (next.js: 116ms, proxy.ts: 96ms, application-code: 157ms)
 GET /admin-hidden-2026/credits 200 in 99ms (next.js: 21ms, proxy.ts: 59ms, application-code: 20ms)
 GET /admin-hidden-2026/users 200 in 101ms (next.js: 6ms, proxy.ts: 58ms, application-code: 37ms)
 GET / 200 in 374ms (next.js: 50ms, application-code: 324ms)
 GET / 200 in 278ms (next.js: 131ms, application-code: 148ms)
 GET / 200 in 102ms (next.js: 4ms, application-code: 98ms)
 GET / 200 in 102ms (next.js: 31ms, application-code: 71ms)
▲ Next.js 16.2.6 (Turbopack)
- Local:         http://127.0.0.1:3000
- Network:       http://127.0.0.1:3000
✓ Ready in 321ms

 GET /admin-hidden-2026/users 200 in 418ms (next.js: 76ms, proxy.ts: 122ms, application-code: 220ms)
 GET /admin-hidden-2026/credits 200 in 243ms (next.js: 31ms, proxy.ts: 179ms, application-code: 34ms)
 GET / 200 in 314ms (next.js: 35ms, application-code: 279ms)
 GET / 200 in 103ms (next.js: 3ms, application-code: 100ms)
✓ Compiled in 662ms
 GET /admin-hidden-2026/users 200 in 124ms (next.js: 7ms, proxy.ts: 99ms, application-code: 18ms)
 GET / 200 in 123ms (next.js: 55ms, application-code: 69ms)
 GET /admin-hidden-2026/credits 200 in 28ms (next.js: 6ms, proxy.ts: 5ms, application-code: 17ms)
 GET / 200 in 49ms (next.js: 3ms, application-code: 46ms)
 GET /tv.jpg 404 in 106ms (next.js: 57ms, application-code: 49ms)
 GET /tv.jpg 404 in 55ms (next.js: 5ms, application-code: 50ms)
 GET /tv.jpg 404 in 26ms (next.js: 3ms, application-code: 22ms)
 GET /admin-hidden-2026/credits 200 in 14ms (next.js: 4ms, proxy.ts: 4ms, application-code: 6ms)
 GET /admin-hidden-2026/credits 200 in 19ms (next.js: 3ms, proxy.ts: 4ms, application-code: 12ms)
✓ Compiled in 47ms
 GET /admin-hidden-2026/users 200 in 87ms (next.js: 33ms, proxy.ts: 21ms, application-code: 33ms)
 GET /admin-hidden-2026/credits 200 in 105ms (next.js: 6ms, proxy.ts: 83ms, application-code: 16ms)
 GET / 200 in 137ms (next.js: 52ms, application-code: 85ms)
 GET / 200 in 36ms (next.js: 3ms, application-code: 33ms)
[?25h
